# IPython log file

%cd "C:\Users\bobcats\Desktop\Autodesk 360"
players=['a','b','c','d']
len(players)
#[Out]# 4
len(players)-1
#[Out]# 3
%run "C:\Users\bobcats\Desktop\Autodesk 360\1.3.8Chase.py"
%run "C:\Users\bobcats\Desktop\Autodesk 360\1.3.8Chase.py"
guess_winner()
%run "C:\Users\bobcats\Desktop\Autodesk 360\1.3.8Chase.py"
guess_winner()
#[Out]# 4
%run "C:\Users\bobcats\Desktop\Autodesk 360\1.3.8Chase.py"
%logstop
# Fri, 04 Nov 2016 10:27:36
#Chase 1.3.8 log
# Fri, 04 Nov 2016 10:27:49
#starting slightly late, forgot to initialize log
# Fri, 04 Nov 2016 10:27:52
clear
# Fri, 04 Nov 2016 10:28:36
def goguess()
# Fri, 04 Nov 2016 10:29:55
#7.
# Fri, 04 Nov 2016 10:30:24
#If guess_game(options) is called with 100 options, the user might have to guess 99 times before they know for sure that the last one is correct
# Fri, 04 Nov 2016 10:30:31
#8.
# Fri, 04 Nov 2016 10:31:59
def goguess()
# Fri, 04 Nov 2016 10:34:48
raw_input("guess: ")
#[Out]# '33'
# Fri, 04 Nov 2016 10:35:50
hi=raw_input("yolo:")
# Fri, 04 Nov 2016 10:35:57
int(hi)
#[Out]# 234
# Fri, 04 Nov 2016 10:41:00
%run "C:\Users\bobcats\Desktop\Autodesk 360\1.3.8Chase.py"# Fri, 04 Nov 2016 10:41:24
goguess()
# Fri, 04 Nov 2016 10:41:57
20
#[Out]# 20
# Fri, 04 Nov 2016 10:42:06
goguess()
