# IPython log file

%cd "C:\Users\bobcats\Desktop\Autodesk 360"
%logstop
%logstart -ort restart3Chase1_3_7.log
#Chase 1.3.7 log 3
#11. b)
[1,2,3,4] in [1,2,3,4,5]
#[Out]# False
def matches(ticket, winners):
    x=abs(len(ticket))-len(winners)
    return x
matches([1,2,3,4,5,6], [1,2,3])
#[Out]# 3
%run "C:\Users\bobcats\Desktop\Autodesk 360\1.3.7Chase.py"
%run "C:\Users\bobcats\Desktop\Autodesk 360\1.3.7Chase.py"
matches([1,5,13,23,12], [1,2,9,12,28])
#[Out]# 2
#11. c)
def report(guess, secret)
def report(guess, secret):
    matching=0
    y=0
    for choices in secret:
        if guess[y] in secret[y]
def report(guess, secret):
    matching=0
    y=0
    for choices in secret:
        if guess[y] in secret[y]:
            matching+=1
        else:
            matching+=0
        y+=1
    return [matching, len(secret)-matching]
guess = ['r', 'r', 'y', 'b','g']
secret = ['r', 'y', 'b', 'g', 'g']
report(guess, secret)
#[Out]# [2, 3]
%run "C:\Users\bobcats\Desktop\Autodesk 360\1.3.7Chase.py"
report(guess, secret)
#[Out]# [2, 3]
guess = ['r', 'r', 'b', 'b','g']
report(guess, secret)
#[Out]# [3, 2]
#All Done!!
%logstop
%run "C:\Users\bobcats\Desktop\Autodesk 360\1.3.8Chase.py"
%cd "C:\Users\bobcats\Desktop\Autodesk 360\ChaseHenry1_3_7"
%cd "C:\Users\bobcats\Desktop\Autodesk 360"
# Thu, 03 Nov 2016 11:05:14
#Chase Knowland 1.3.8 log 1
# Thu, 03 Nov 2016 11:05:42
%run "C:\Users\bobcats\Desktop\Autodesk 360\1.3.8Chase.py"# Thu, 03 Nov 2016 11:05:59
guess_winner()
#[Out]# 3
# Thu, 03 Nov 2016 11:08:32
%cd "C:\Users\bobcats\Desktop\Autodesk 360\ChaseHenry1_3_7"# Thu, 03 Nov 2016 11:09:53
%cd "C:\Users\bobcats\Desktop\Autodesk 360"# Thu, 03 Nov 2016 11:12:45
%cd "C:\Users\bobcats\Desktop\Autodesk 360\ChaseHenry1_3_7"# Thu, 03 Nov 2016 11:13:38
%cd "C:\Users\bobcats\Desktop\Autodesk 360"# Thu, 03 Nov 2016 11:13:44
%cd "C:\Users\bobcats\Desktop\Autodesk 360\ChaseHenry1_3_7"# Thu, 03 Nov 2016 11:13:53
%cd "C:\Users\bobcats\Desktop\Autodesk 360"# Thu, 03 Nov 2016 11:13:54
%cd "C:\Users\bobcats\Desktop\Autodesk 360\ChaseHenry1_3_7"# Thu, 03 Nov 2016 11:14:05
%cd "C:\Users\bobcats\Desktop\Autodesk 360"# Thu, 03 Nov 2016 11:14:06
%cd "C:\Users\bobcats\Desktop\Autodesk 360\ChaseHenry1_3_7"# Thu, 03 Nov 2016 11:14:12
%cd "C:\Users\bobcats\Desktop\Autodesk 360"# Thu, 03 Nov 2016 11:14:50
%cd "C:\Users\bobcats\Desktop\Autodesk 360\ChaseHenry1_3_7"# Thu, 03 Nov 2016 11:14:54
%cd "C:\Users\bobcats\Desktop\Autodesk 360"# Thu, 03 Nov 2016 11:25:16
%logstop
