# IPython log file

%cd "C:\Users\bobcats\Desktop\Autodesk 360"
%logstart -ort redoChaseHenyan14_1_3_7.log
#Henyan 14 teaching restart log
cler
clear
numbers = [1,2,3,4]
for item in numbers:
    print(item**2)
numbers = [1,2,3,4,5,6]
for item in numbers:
    print(item**2)
help(range)
range(4)
#[Out]# [0, 1, 2, 3]
range(6)
#[Out]# [0, 1, 2, 3, 4, 5]
range(20, 12, -3)
#[Out]# [20, 17, 14]
range(20,11,-3)
#[Out]# [20, 17, 14]
range(20, 11, -3)
#[Out]# [20, 17, 14]
range(20, 10, -3)
#[Out]# [20, 17, 14, 11]
range(40,11,-5)
#[Out]# [40, 35, 30, 25, 20, 15]
range(4,10,2)
#[Out]# [4, 6, 8]
range(4,11,2)
#[Out]# [4, 6, 8, 10]
range(4,12,2)
#[Out]# [4, 6, 8, 10]
range(4,13,2)
#[Out]# [4, 6, 8, 10, 12]
import matplotlib.pyplot as plt
import random
plt.ion()
def picks():
    a = []
    a += [random.choice([1,3,10])]
    for choices in range(5):
        a+=[random.choice([1,3,10])]
%run "C:\Users\bobcats\Desktop\Autodesk 360\1.3.7Chase.py"
picks()
picks()
picks()
picks()
picks()
picks()
picks()
picks()
picks()
picks()
picks()
picks()
picks()
picks()
picks()
picks()
picks()
picks()
picks()
picks()
picks()
picks()
picks()
picks()
picks()
picks()
picks()
picks()
picks()
picks()
picks()
picks()
picks()
loop_picks(10)
loop_picks(100)
%run "C:\Users\bobcats\Desktop\Autodesk 360\1.3.7Chase.py"
days()
%run "C:\Users\bobcats\Desktop\Autodesk 360\1.3.7Chase.py"
%run "C:\Users\bobcats\Desktop\Autodesk 360\1.3.7Chase.py"
dice(3)
%run "C:\Users\bobcats\Desktop\Autodesk 360\1.3.7Chase.py"
dice(3)
%run "C:\Users\bobcats\Desktop\Autodesk 360\1.3.7Chase.py"
dice(3)
dice(3)
dice(3)
dice(3)
dice(3)
dice(3)
dice(3)
dice(3)
dice(3)
dice(3)
dice(3)
%run "C:\Users\bobcats\Desktop\Autodesk 360\1.3.7Chase.py"
keyphrase("hello")
keyphrase("Quite a nice")
keyphrase("Hey guys scarce here")
%logstop
clear
# Mon, 31 Oct 2016 11:03:35
# Partial log for Chase 1.3.8
# Mon, 31 Oct 2016 11:03:38
clear
# Mon, 31 Oct 2016 11:04:49
def validate():
    guess = '1'
    answer = 'hangman word'
    while guess not in answer:
        guess = raw_input('Name a letter in \''+answer+'\': ')
        print('Thank you!')
        
# Mon, 31 Oct 2016 11:04:52
validate()
# Mon, 31 Oct 2016 11:06:01
def validate():
    guess = '1'
    answer = 'hangman word'
    while guess not in answer:
        guess = raw_input('Name a letter in \''+answer+'\': ')
        print('Thank you!')
        if guess in answer:
            print('Correct! Good job!')
            
# Mon, 31 Oct 2016 11:06:05
validate()
# Mon, 31 Oct 2016 11:06:13
validate()
# Mon, 31 Oct 2016 11:06:46
def validate():
    guess = '1'
    answer = 'hangman word'
    while guess not in answer:
        guess = raw_input('Name a letter in \''+answer+'\': ')
        if guess in answer:
            print('Correct! Good job!')
        else:
            print('Thank you!')
            
# Mon, 31 Oct 2016 11:06:50
validate()
# Mon, 31 Oct 2016 11:11:31
%run "c:\users\bobcats\appdata\local\temp\tmpcwylk5.py"# Mon, 31 Oct 2016 11:11:40
guess_winner()
# Mon, 31 Oct 2016 11:11:53
guess_winner(Amy)
# Mon, 31 Oct 2016 11:11:58
guess_winner("Amy")
# Mon, 31 Oct 2016 11:12:48
%run "c:\users\bobcats\appdata\local\temp\tmpskso3m.py"# Mon, 31 Oct 2016 11:12:57
guess_winner("Amy")
#[Out]# 2
# Mon, 31 Oct 2016 11:13:15
guess_winner(players)
# Mon, 31 Oct 2016 11:13:32
guess_winner('Amy', 'Bill', 'Cathy', 'Dale')
# Mon, 31 Oct 2016 11:13:42
guess_winner('Cathy Dale')
#[Out]# 6
# Mon, 31 Oct 2016 11:14:23
players=('Amy','Bill','Cathy','Dale')
# Mon, 31 Oct 2016 11:14:31
guess_winner(players)
#[Out]# 3
