# IPython log file

%cd "C:\Users\bobcats\Desktop\Autodesk 360"
# Mon, 31 Oct 2016 10:24:07
#Henyan 14 teaching restart log
# Mon, 31 Oct 2016 10:24:09
cler
# Mon, 31 Oct 2016 10:24:11
clear
# Mon, 31 Oct 2016 10:24:43
numbers = [1,2,3,4]
# Mon, 31 Oct 2016 10:25:48
for item in numbers:
    print(item**2)
    
# Mon, 31 Oct 2016 10:26:38
numbers = [1,2,3,4,5,6]
# Mon, 31 Oct 2016 10:26:43
for item in numbers:
    print(item**2)
    
# Mon, 31 Oct 2016 10:27:09
help(range)
# Mon, 31 Oct 2016 10:28:11
range(4)
#[Out]# [0, 1, 2, 3]
# Mon, 31 Oct 2016 10:28:21
range(6)
#[Out]# [0, 1, 2, 3, 4, 5]
# Mon, 31 Oct 2016 10:28:35
range(20, 12, -3)
#[Out]# [20, 17, 14]
# Mon, 31 Oct 2016 10:29:06
range(20,11,-3)
#[Out]# [20, 17, 14]
# Mon, 31 Oct 2016 10:29:12
range(20, 11, -3)
#[Out]# [20, 17, 14]
# Mon, 31 Oct 2016 10:29:20
range(20, 10, -3)
#[Out]# [20, 17, 14, 11]
# Mon, 31 Oct 2016 10:30:10
range(40,11,-5)
#[Out]# [40, 35, 30, 25, 20, 15]
# Mon, 31 Oct 2016 10:31:13
range(4,10,2)
#[Out]# [4, 6, 8]
# Mon, 31 Oct 2016 10:31:18
range(4,11,2)
#[Out]# [4, 6, 8, 10]
# Mon, 31 Oct 2016 10:31:42
range(4,12,2)
#[Out]# [4, 6, 8, 10]
# Mon, 31 Oct 2016 10:31:45
range(4,13,2)
#[Out]# [4, 6, 8, 10, 12]
# Mon, 31 Oct 2016 10:32:42
import matplotlib.pyplot as plt
# Mon, 31 Oct 2016 10:32:45
import random
# Mon, 31 Oct 2016 10:33:00
plt.ion()
# Mon, 31 Oct 2016 10:36:11
def picks():
    a = []
    a += [random.choice([1,3,10])]
    for choices in range(5):
        a+=[random.choice([1,3,10])]
        
# Mon, 31 Oct 2016 10:37:46
%run "C:\Users\bobcats\Desktop\Autodesk 360\1.3.7Chase.py"# Mon, 31 Oct 2016 10:37:58
picks()
# Mon, 31 Oct 2016 10:40:08
picks()
# Mon, 31 Oct 2016 10:40:10
picks()
# Mon, 31 Oct 2016 10:40:11
picks()
# Mon, 31 Oct 2016 10:40:12
picks()
# Mon, 31 Oct 2016 10:40:12
picks()
# Mon, 31 Oct 2016 10:40:13
picks()
# Mon, 31 Oct 2016 10:40:13
picks()
# Mon, 31 Oct 2016 10:40:13
picks()
# Mon, 31 Oct 2016 10:40:14
picks()
# Mon, 31 Oct 2016 10:40:14
picks()
# Mon, 31 Oct 2016 10:40:14
picks()
# Mon, 31 Oct 2016 10:40:14
picks()
# Mon, 31 Oct 2016 10:40:15
picks()
# Mon, 31 Oct 2016 10:40:15
picks()
# Mon, 31 Oct 2016 10:40:15
picks()
# Mon, 31 Oct 2016 10:40:15
picks()
# Mon, 31 Oct 2016 10:40:16
picks()
# Mon, 31 Oct 2016 10:40:16
picks()
# Mon, 31 Oct 2016 10:40:16
picks()
# Mon, 31 Oct 2016 10:40:16
picks()
# Mon, 31 Oct 2016 10:40:16
picks()
# Mon, 31 Oct 2016 10:40:16
picks()
# Mon, 31 Oct 2016 10:40:21
picks()
# Mon, 31 Oct 2016 10:40:21
picks()
# Mon, 31 Oct 2016 10:40:22
picks()
# Mon, 31 Oct 2016 10:40:22
picks()
# Mon, 31 Oct 2016 10:40:22
picks()
# Mon, 31 Oct 2016 10:40:22
picks()
# Mon, 31 Oct 2016 10:40:22
picks()
# Mon, 31 Oct 2016 10:40:23
picks()
# Mon, 31 Oct 2016 10:40:23
picks()
# Mon, 31 Oct 2016 10:40:23
picks()
# Mon, 31 Oct 2016 10:40:33
loop_picks(10)
# Mon, 31 Oct 2016 10:40:42
loop_picks(100)
# Mon, 31 Oct 2016 10:45:50
%run "C:\Users\bobcats\Desktop\Autodesk 360\1.3.7Chase.py"# Mon, 31 Oct 2016 10:45:53
days()
# Mon, 31 Oct 2016 10:57:14
%run "C:\Users\bobcats\Desktop\Autodesk 360\1.3.7Chase.py"# Mon, 31 Oct 2016 10:57:27
%run "C:\Users\bobcats\Desktop\Autodesk 360\1.3.7Chase.py"# Mon, 31 Oct 2016 10:57:30
dice(3)
# Mon, 31 Oct 2016 10:58:04
%run "C:\Users\bobcats\Desktop\Autodesk 360\1.3.7Chase.py"# Mon, 31 Oct 2016 10:58:08
dice(3)
# Mon, 31 Oct 2016 10:58:24
%run "C:\Users\bobcats\Desktop\Autodesk 360\1.3.7Chase.py"# Mon, 31 Oct 2016 10:58:27
dice(3)
# Mon, 31 Oct 2016 10:58:30
dice(3)
# Mon, 31 Oct 2016 10:58:30
dice(3)
# Mon, 31 Oct 2016 10:58:31
dice(3)
# Mon, 31 Oct 2016 10:58:31
dice(3)
# Mon, 31 Oct 2016 10:58:32
dice(3)
# Mon, 31 Oct 2016 10:58:32
dice(3)
# Mon, 31 Oct 2016 10:58:32
dice(3)
# Mon, 31 Oct 2016 10:58:33
dice(3)
# Mon, 31 Oct 2016 10:58:33
dice(3)
# Mon, 31 Oct 2016 10:58:33
dice(3)
# Mon, 31 Oct 2016 11:01:08
%run "C:\Users\bobcats\Desktop\Autodesk 360\1.3.7Chase.py"# Mon, 31 Oct 2016 11:01:17
keyphrase("hello")
# Mon, 31 Oct 2016 11:01:25
keyphrase("Quite a nice")
# Mon, 31 Oct 2016 11:01:44
keyphrase("Hey guys scarce here")
# Mon, 31 Oct 2016 11:02:56
%logstop
